Upload: red-bull1.jpg
Type: image/jpeg
Size: 0.18567943573 Mbytes
Temp file: /tmp/phpkLsYh7
Stored in: uploaded_files/ENwnCuz1OMF2VDekR8cJ.jpg

Upload: red-bull-gives-you-wings2.jpg
Type: image/jpeg
Size: 0.0319080352783 Mbytes
Temp file: /tmp/phpXJOmp5
Stored in: uploaded_files/DsXbunY64SJIYzwO2j38.jpg

Upload: steelseries-kana-mouse.jpg
Type: image/jpeg
Size: 0.0458812713623 Mbytes
Temp file: /tmp/phpEvBmV9
Stored in: uploaded_files/xNLtuBHeiLOoMZiMxZ8u.jpg

Upload: steelseries-logo2.jpg
Type: image/jpeg
Size: 0.0108890533447 Mbytes
Temp file: /tmp/phpdLzF5d
Stored in: uploaded_files/UrEjcIElS3oeGrUqnw1c.jpg

Upload: 190700.png
Type: image/png
Size: 0.167572975159 Mbytes
Temp file: /tmp/phpZHb11K
Stored in: uploaded_files/A7eRb5D8aPPkyrUyzz7c.png

Upload: dikulan20.png
Type: image/png
Size: 0.0160293579102 Mbytes
Temp file: /tmp/phpK1y2Fw
Stored in: uploaded_files/TtRL3A5GUnWbuDbiGO2S.png

Upload: teeworlds.png
Type: image/png
Size: 0.130511283875 Mbytes
Temp file: /tmp/phpNpgMTR
Stored in: uploaded_files/s6Tx7j6ybzHgxiXGlPED.png

Upload: events.png
Type: image/png
Size: 0.0389261245728 Mbytes
Temp file: /tmp/phpzOhzjX
Stored in: uploaded_files/2sii2mZ6lAEt5OGzGkYP.png

Upload: Untitled123123123.png
Type: image/png
Size: 0.175825119019 Mbytes
Temp file: /tmp/phpC8eBcH
Stored in: uploaded_files/y5RGdDNWhW1mMFWaVcip.png

Upload: bordreservering.png
Type: image/png
Size: 0.0583696365356 Mbytes
Temp file: /tmp/phptEBdHO
Stored in: uploaded_files/UoXb3rcoUcI5pI8XxKzK.png

Upload: DsXbunY64SJIYzwO2j38.jpg
Type: image/jpeg
Size: 0.0319080352783 Mbytes
Temp file: /tmp/phpoFIra3
Stored in: uploaded_files/vaxnr1SXYXANprPU3pvL.jpg

Upload: events.png
Type: image/png
Size: 0.0393466949463 Mbytes
Temp file: /tmp/phpQXA9Ts
Stored in: uploaded_files/BVLACEQndYEcF6qeYPWK.png

Upload: Reklamesc2custom.png
Type: image/png
Size: 0.0421104431152 Mbytes
Temp file: /tmp/phpRYrTvy
Stored in: uploaded_files/jP5MCyuHPbdFKV4Xc2Nw.png

Upload: Screenshot2011-01-24 01_03_56.jpg
Type: image/jpeg
Size: 0.489660263062 Mbytes
Temp file: /tmp/phpIsPmyH
Stored in: uploaded_files/kdZKoInnGHjMkGickQuF.jpg

Upload: Screenshot2012-11-08 16_18_36.jpg
Type: image/jpeg
Size: 0.442609786987 Mbytes
Temp file: /tmp/phpgfDXZh
Stored in: uploaded_files/8crDDwBxeDI3gyFI2yBW.jpg

Upload: Screenshot2012-11-08 16_18_48.jpg
Type: image/jpeg
Size: 0.464253425598 Mbytes
Temp file: /tmp/phpelsAJn
Stored in: uploaded_files/PfNR5Yy2d3wDd9WmUjqZ.jpg

Upload: Reklamesc2.png
Type: image/png
Size: 0.0310926437378 Mbytes
Temp file: /tmp/phpW7zTlC
Stored in: uploaded_files/nbgts3eGwvs1ssWdkLY2.png

Upload: teeworlds.png
Type: image/png
Size: 0.130403518677 Mbytes
Temp file: /tmp/phpbJHbog
Stored in: uploaded_files/9Ox4fdIuNjKgKRCGMFWN.png

Upload: teeworlds_brackets.png
Type: image/png
Size: 0.0483655929565 Mbytes
Temp file: /tmp/phpjDrg6A
Stored in: uploaded_files/9qAUmUjaWBZ7lsPRdqVD.png

Upload: teeworlds_brackets.png
Type: image/png
Size: 0.0521068572998 Mbytes
Temp file: /tmp/phppVTDEr
Stored in: uploaded_files/ZbTJh4oiFgWW8Z1AdLBl.png

Upload: teeworlds_brackets.png
Type: image/png
Size: 0.0520639419556 Mbytes
Temp file: /tmp/phphPgKrn
Stored in: uploaded_files/hxMyPYht7FKxsab2dkee.png

Upload: teeworlds_brackets.png
Type: image/png
Size: 0.0538158416748 Mbytes
Temp file: /tmp/php2exx6q
Stored in: uploaded_files/kUKEpnI2ELuSk4ETq67p.png

Upload: teeworlds_brackets.png
Type: image/png
Size: 0.0550241470337 Mbytes
Temp file: /tmp/phpLdQbEc
Stored in: uploaded_files/kvzoM5AzmydIryootdsl.png

Upload: teeworlds_brackets.png
Type: image/png
Size: 0.0569477081299 Mbytes
Temp file: /tmp/phpKIUVAn
Stored in: uploaded_files/8fwi5BDmKdHIlFs3hK3J.png

Upload: teeworlds_brackets.png
Type: image/png
Size: 0.056300163269 Mbytes
Temp file: /tmp/phpniwb4D
Stored in: uploaded_files/P3YrBpRvxksgzQnYZtQl.png

Upload: teeworlds_brackets.png
Type: image/png
Size: 0.056300163269 Mbytes
Temp file: /tmp/php950dEN
Stored in: uploaded_files/9x2SmYKHw8hJhvn7rtGw.png

Upload: C&C Renegade - limited2.png
Type: image/png
Size: 0.16385269165039 Mbytes
Temp file: /tmp/phptvzXgG
Stored in: uploaded_files/nXqIx2jhZDSlPexz5UNe.png

Upload: C&C Renegade - limited2.png
Type: image/png
Size: 0.16447925567627 Mbytes
Temp file: /tmp/php8shSsP
Stored in: uploaded_files/DYrJHiX8LPxZI3vapHm3.png

Upload: armageddon.png
Type: image/png
Size: 0.094277381896973 Mbytes
Temp file: /tmp/phpmW0NX9
Stored in: uploaded_files/v7dx8nzMyeyrF5D7FALA.png

Upload: v7dx8nzMyeyrF5D7FALA.png
Type: image/png
Size: 0.092477798461914 Mbytes
Temp file: /tmp/phpzo5Gt9
Stored in: uploaded_files/DjpBYXVVSX5FxQioxdZI.png

Upload: Worms bracket 1.PNG
Type: image/png
Size: 0.014860153198242 Mbytes
Temp file: /tmp/phpQrKoz6
Stored in: uploaded_files/gXHEGEDIzQPVtMBT5Lw7.PNG

Upload: plot1.png
Type: image/png
Size: 0.0033092498779297 Mbytes
Temp file: /tmp/phpCL7Bdi
Stored in: uploaded_files/Q9lwYJBWpXVfrGwWNrG4.png

